[debug] [2023-03-09T03:09:08.880Z] ----------------------------------------------------------------------
[debug] [2023-03-09T03:09:08.881Z] Command:       /usr/local/lib/nodejs/node-v16.15.0-linux-x64/bin/node /usr/local/bin/firebase deploy --only functions
[debug] [2023-03-09T03:09:08.881Z] CLI Version:   11.24.0
[debug] [2023-03-09T03:09:08.882Z] Platform:      linux
[debug] [2023-03-09T03:09:08.882Z] Node Version:  v16.15.0
[debug] [2023-03-09T03:09:08.882Z] Time:          Thu Mar 09 2023 00:09:08 GMT-0300 (Argentina Standard Time)
[debug] [2023-03-09T03:09:08.882Z] ----------------------------------------------------------------------
[debug] 
[debug] [2023-03-09T03:09:08.937Z] > command requires scopes: ["email","openid","https://www.googleapis.com/auth/cloudplatformprojects.readonly","https://www.googleapis.com/auth/firebase","https://www.googleapis.com/auth/cloud-platform"]
[debug] [2023-03-09T03:09:08.937Z] > authorizing via signed-in user (joacopaz@gmail.com)
[debug] [2023-03-09T03:09:08.938Z] [iam] checking project ls-ops-map for permissions ["cloudfunctions.functions.create","cloudfunctions.functions.delete","cloudfunctions.functions.get","cloudfunctions.functions.list","cloudfunctions.functions.update","cloudfunctions.operations.get","firebase.projects.get"]
[debug] [2023-03-09T03:09:08.939Z] >>> [apiv2][query] POST https://cloudresourcemanager.googleapis.com/v1/projects/ls-ops-map:testIamPermissions [none]
[debug] [2023-03-09T03:09:08.939Z] >>> [apiv2][(partial)header] POST https://cloudresourcemanager.googleapis.com/v1/projects/ls-ops-map:testIamPermissions x-goog-quota-user=projects/ls-ops-map
[debug] [2023-03-09T03:09:08.939Z] >>> [apiv2][body] POST https://cloudresourcemanager.googleapis.com/v1/projects/ls-ops-map:testIamPermissions {"permissions":["cloudfunctions.functions.create","cloudfunctions.functions.delete","cloudfunctions.functions.get","cloudfunctions.functions.list","cloudfunctions.functions.update","cloudfunctions.operations.get","firebase.projects.get"]}
[debug] [2023-03-09T03:09:09.706Z] <<< [apiv2][status] POST https://cloudresourcemanager.googleapis.com/v1/projects/ls-ops-map:testIamPermissions 200
[debug] [2023-03-09T03:09:09.707Z] <<< [apiv2][body] POST https://cloudresourcemanager.googleapis.com/v1/projects/ls-ops-map:testIamPermissions {"permissions":["cloudfunctions.functions.create","cloudfunctions.functions.delete","cloudfunctions.functions.get","cloudfunctions.functions.list","cloudfunctions.functions.update","cloudfunctions.operations.get","firebase.projects.get"]}
[debug] [2023-03-09T03:09:09.707Z] >>> [apiv2][query] POST https://iam.googleapis.com/v1/projects/ls-ops-map/serviceAccounts/ls-ops-map@appspot.gserviceaccount.com:testIamPermissions [none]
[debug] [2023-03-09T03:09:09.707Z] >>> [apiv2][body] POST https://iam.googleapis.com/v1/projects/ls-ops-map/serviceAccounts/ls-ops-map@appspot.gserviceaccount.com:testIamPermissions {"permissions":["iam.serviceAccounts.actAs"]}
[debug] [2023-03-09T03:09:10.450Z] <<< [apiv2][status] POST https://iam.googleapis.com/v1/projects/ls-ops-map/serviceAccounts/ls-ops-map@appspot.gserviceaccount.com:testIamPermissions 200
[debug] [2023-03-09T03:09:10.450Z] <<< [apiv2][body] POST https://iam.googleapis.com/v1/projects/ls-ops-map/serviceAccounts/ls-ops-map@appspot.gserviceaccount.com:testIamPermissions {"permissions":["iam.serviceAccounts.actAs"]}
[info] 
[info] === Deploying to 'ls-ops-map'...
[info] 
[info] i  deploying functions 
[debug] [2023-03-09T03:09:10.453Z] >>> [apiv2][query] GET https://firebase.googleapis.com/v1beta1/projects/ls-ops-map [none]
[debug] [2023-03-09T03:09:11.315Z] <<< [apiv2][status] GET https://firebase.googleapis.com/v1beta1/projects/ls-ops-map 200
[debug] [2023-03-09T03:09:11.315Z] <<< [apiv2][body] GET https://firebase.googleapis.com/v1beta1/projects/ls-ops-map {"projectId":"ls-ops-map","projectNumber":"998366675889","displayName":"Ls Ops Map","name":"projects/ls-ops-map","resources":{"hostingSite":"ls-ops-map","realtimeDatabaseInstance":"ls-ops-map-default-rtdb"},"state":"ACTIVE","etag":"1_7cf53376-37db-444e-ba48-10defd8ec5b9"}
[info] i  functions: preparing codebase default for deployment 
[info] i  functions: ensuring required API cloudfunctions.googleapis.com is enabled... 
[info] i  functions: ensuring required API cloudbuild.googleapis.com is enabled... 
[info] i  artifactregistry: ensuring required API artifactregistry.googleapis.com is enabled... 
[debug] [2023-03-09T03:09:11.316Z] >>> [apiv2][query] GET https://serviceusage.googleapis.com/v1/projects/ls-ops-map/services/cloudfunctions.googleapis.com [none]
[debug] [2023-03-09T03:09:11.316Z] >>> [apiv2][(partial)header] GET https://serviceusage.googleapis.com/v1/projects/ls-ops-map/services/cloudfunctions.googleapis.com x-goog-quota-user=projects/ls-ops-map
[debug] [2023-03-09T03:09:11.317Z] >>> [apiv2][query] GET https://serviceusage.googleapis.com/v1/projects/ls-ops-map/services/runtimeconfig.googleapis.com [none]
[debug] [2023-03-09T03:09:11.317Z] >>> [apiv2][(partial)header] GET https://serviceusage.googleapis.com/v1/projects/ls-ops-map/services/runtimeconfig.googleapis.com x-goog-quota-user=projects/ls-ops-map
[debug] [2023-03-09T03:09:11.318Z] >>> [apiv2][query] GET https://serviceusage.googleapis.com/v1/projects/ls-ops-map/services/cloudbuild.googleapis.com [none]
[debug] [2023-03-09T03:09:11.318Z] >>> [apiv2][(partial)header] GET https://serviceusage.googleapis.com/v1/projects/ls-ops-map/services/cloudbuild.googleapis.com x-goog-quota-user=projects/ls-ops-map
[debug] [2023-03-09T03:09:11.318Z] >>> [apiv2][query] GET https://serviceusage.googleapis.com/v1/projects/ls-ops-map/services/artifactregistry.googleapis.com [none]
[debug] [2023-03-09T03:09:11.318Z] >>> [apiv2][(partial)header] GET https://serviceusage.googleapis.com/v1/projects/ls-ops-map/services/artifactregistry.googleapis.com x-goog-quota-user=projects/ls-ops-map
[debug] [2023-03-09T03:09:12.189Z] <<< [apiv2][status] GET https://serviceusage.googleapis.com/v1/projects/ls-ops-map/services/runtimeconfig.googleapis.com 200
[debug] [2023-03-09T03:09:12.189Z] <<< [apiv2][body] GET https://serviceusage.googleapis.com/v1/projects/ls-ops-map/services/runtimeconfig.googleapis.com [omitted]
[debug] [2023-03-09T03:09:12.191Z] <<< [apiv2][status] GET https://serviceusage.googleapis.com/v1/projects/ls-ops-map/services/artifactregistry.googleapis.com 200
[debug] [2023-03-09T03:09:12.191Z] <<< [apiv2][body] GET https://serviceusage.googleapis.com/v1/projects/ls-ops-map/services/artifactregistry.googleapis.com [omitted]
[info] ✔  artifactregistry: required API artifactregistry.googleapis.com is enabled 
[debug] [2023-03-09T03:09:12.194Z] <<< [apiv2][status] GET https://serviceusage.googleapis.com/v1/projects/ls-ops-map/services/cloudbuild.googleapis.com 200
[debug] [2023-03-09T03:09:12.194Z] <<< [apiv2][body] GET https://serviceusage.googleapis.com/v1/projects/ls-ops-map/services/cloudbuild.googleapis.com [omitted]
[info] ✔  functions: required API cloudbuild.googleapis.com is enabled 
[debug] [2023-03-09T03:09:12.205Z] <<< [apiv2][status] GET https://serviceusage.googleapis.com/v1/projects/ls-ops-map/services/cloudfunctions.googleapis.com 200
[debug] [2023-03-09T03:09:12.206Z] <<< [apiv2][body] GET https://serviceusage.googleapis.com/v1/projects/ls-ops-map/services/cloudfunctions.googleapis.com [omitted]
[info] ✔  functions: required API cloudfunctions.googleapis.com is enabled 
[debug] [2023-03-09T03:09:12.206Z] >>> [apiv2][query] GET https://firebase.googleapis.com/v1beta1/projects/ls-ops-map/adminSdkConfig [none]
[debug] [2023-03-09T03:09:12.864Z] <<< [apiv2][status] GET https://firebase.googleapis.com/v1beta1/projects/ls-ops-map/adminSdkConfig 200
[debug] [2023-03-09T03:09:12.864Z] <<< [apiv2][body] GET https://firebase.googleapis.com/v1beta1/projects/ls-ops-map/adminSdkConfig {"projectId":"ls-ops-map","databaseURL":"https://ls-ops-map-default-rtdb.firebaseio.com","storageBucket":"ls-ops-map.appspot.com"}
[debug] [2023-03-09T03:09:12.864Z] >>> [apiv2][query] GET https://runtimeconfig.googleapis.com/v1beta1/projects/ls-ops-map/configs [none]
[debug] [2023-03-09T03:09:13.841Z] <<< [apiv2][status] GET https://runtimeconfig.googleapis.com/v1beta1/projects/ls-ops-map/configs 200
[debug] [2023-03-09T03:09:13.841Z] <<< [apiv2][body] GET https://runtimeconfig.googleapis.com/v1beta1/projects/ls-ops-map/configs {}
[debug] [2023-03-09T03:09:13.843Z] Validating nodejs source
[debug] [2023-03-09T03:09:15.004Z] > [functions] package.json contents: {
  "name": "functions",
  "description": "Cloud Functions for Firebase",
  "scripts": {
    "serve": "firebase emulators:start --only functions",
    "shell": "firebase functions:shell",
    "start": "npm run shell",
    "deploy": "firebase deploy --only functions",
    "logs": "firebase functions:log"
  },
  "engines": {
    "node": "16"
  },
  "main": "index.js",
  "dependencies": {
    "firebase-admin": "^11.5.0",
    "firebase-functions": "^4.2.0"
  },
  "devDependencies": {
    "firebase-functions-test": "^3.0.0"
  },
  "private": true
}
[debug] [2023-03-09T03:09:15.004Z] Building nodejs source
[debug] [2023-03-09T03:09:15.005Z] Could not find functions.yaml. Must use http discovery
[debug] [2023-03-09T03:09:15.009Z] Found firebase-functions binary at '/home/joacopaz/Desktop/Coding/GitHub/ls_ops_map/functions/node_modules/.bin/firebase-functions'
[debug] [2023-03-09T03:09:15.100Z] Serving at port 8870

[debug] [2023-03-09T03:09:15.233Z] Got response from /__/functions.yaml {"endpoints":{"app":{"platform":"gcfv1","availableMemoryMb":null,"timeoutSeconds":null,"minInstances":null,"maxInstances":null,"ingressSettings":null,"serviceAccountEmail":null,"vpc":null,"httpsTrigger":{},"entryPoint":"app"}},"specVersion":"v1alpha1","requiredAPIs":[]}
[debug] [2023-03-09T03:09:15.238Z] shutdown requested via /__/quitquitquit

[info] i  functions: preparing functions directory for uploading... 
[info] i  functions: packaged /home/joacopaz/Desktop/Coding/GitHub/ls_ops_map/functions (124.34 KB) for uploading 
[debug] [2023-03-09T03:09:15.281Z] >>> [apiv2][query] GET https://cloudfunctions.googleapis.com/v1/projects/ls-ops-map/locations/-/functions [none]
[debug] [2023-03-09T03:09:16.424Z] <<< [apiv2][status] GET https://cloudfunctions.googleapis.com/v1/projects/ls-ops-map/locations/-/functions 200
[debug] [2023-03-09T03:09:16.424Z] <<< [apiv2][body] GET https://cloudfunctions.googleapis.com/v1/projects/ls-ops-map/locations/-/functions {"functions":[{"name":"projects/ls-ops-map/locations/us-central1/functions/app","httpsTrigger":{"url":"https://us-central1-ls-ops-map.cloudfunctions.net/app","securityLevel":"SECURE_ALWAYS"},"status":"OFFLINE","entryPoint":"app","timeout":"60s","availableMemoryMb":256,"serviceAccountEmail":"ls-ops-map@appspot.gserviceaccount.com","updateTime":"2023-03-09T02:53:39.811Z","versionId":"2","labels":{"deployment-tool":"cli-firebase","firebase-functions-hash":"399773c8a861d0aa6d0392907ab100a09c70a065"},"sourceUploadUrl":"https://storage.googleapis.com/uploads-124474127789.us-central1.cloudfunctions.appspot.com/bb9dc27f-ed31-49c1-982f-e19e9792d965.zip","environmentVariables":{"FIREBASE_CONFIG":"{\"projectId\":\"ls-ops-map\",\"databaseURL\":\"https://ls-ops-map-default-rtdb.firebaseio.com\",\"storageBucket\":\"ls-ops-map.appspot.com\"}","GCLOUD_PROJECT":"ls-ops-map","EVENTARC_CLOUD_EVENT_SOURCE":"projects/ls-ops-map/locations/us-central1/functions/app"},"runtime":"nodejs16","ingressSettings":"ALLOW_ALL","buildId":"ef4cc8e3-34e5-4df0-8da3-5075f44edf0b","buildName":"projects/998366675889/locations/us-central1/builds/ef4cc8e3-34e5-4df0-8da3-5075f44edf0b","dockerRegistry":"ARTIFACT_REGISTRY"}]}
[debug] [2023-03-09T03:09:16.425Z] >>> [apiv2][query] GET https://cloudfunctions.googleapis.com/v2/projects/ls-ops-map/locations/-/functions filter=environment%3D%22GEN_2%22
[debug] [2023-03-09T03:09:17.309Z] <<< [apiv2][status] GET https://cloudfunctions.googleapis.com/v2/projects/ls-ops-map/locations/-/functions 200
[debug] [2023-03-09T03:09:17.309Z] <<< [apiv2][body] GET https://cloudfunctions.googleapis.com/v2/projects/ls-ops-map/locations/-/functions {}
[debug] [2023-03-09T03:09:17.311Z] >>> [apiv2][query] GET https://firebase.googleapis.com/v1beta1/projects/ls-ops-map [none]
[debug] [2023-03-09T03:09:17.940Z] <<< [apiv2][status] GET https://firebase.googleapis.com/v1beta1/projects/ls-ops-map 200
[debug] [2023-03-09T03:09:17.941Z] <<< [apiv2][body] GET https://firebase.googleapis.com/v1beta1/projects/ls-ops-map {"projectId":"ls-ops-map","projectNumber":"998366675889","displayName":"Ls Ops Map","name":"projects/ls-ops-map","resources":{"hostingSite":"ls-ops-map","realtimeDatabaseInstance":"ls-ops-map-default-rtdb"},"state":"ACTIVE","etag":"1_7cf53376-37db-444e-ba48-10defd8ec5b9"}
[debug] [2023-03-09T03:09:17.942Z] >>> [apiv2][query] POST https://cloudfunctions.googleapis.com/v1/projects/ls-ops-map/locations/us-central1/functions:generateUploadUrl [none]
[debug] [2023-03-09T03:09:17.942Z] >>> [apiv2][body] POST https://cloudfunctions.googleapis.com/v1/projects/ls-ops-map/locations/us-central1/functions:generateUploadUrl {}
[debug] [2023-03-09T03:09:18.909Z] <<< [apiv2][status] POST https://cloudfunctions.googleapis.com/v1/projects/ls-ops-map/locations/us-central1/functions:generateUploadUrl 200
[debug] [2023-03-09T03:09:18.909Z] <<< [apiv2][body] POST https://cloudfunctions.googleapis.com/v1/projects/ls-ops-map/locations/us-central1/functions:generateUploadUrl {"uploadUrl":"https://storage.googleapis.com/uploads-124474127789.us-central1.cloudfunctions.appspot.com/92a52e51-42a0-41da-8c82-1b91a6aa57bc.zip?GoogleAccessId=service-998366675889@gcf-admin-robot.iam.gserviceaccount.com&Expires=1678333158&Signature=lqDLyRKKg5IV7KucP0MD%2BfnIh4Qj7hxHw9%2BKcLrpWuWChOzdNK%2BC6po%2F0U4i064ODx9u4Y6uMib%2F%2FmcZrEacZgESYQworgt4VPr3k6fXsT24r%2BUcIr9DuiPMme1NgG%2BQh2i3iAGkGe%2FvHO7UCfYRJ5LmGKdjHp3s38IYiqXBfQxm0IROQwc2dElYvtQH%2B9iKq7WQQnEN%2BLa5X1hzDKQGL8tI%2ByJGWq6zVl%2FgaSfXhBAZkw7w%2Bzl2Sr0NbaBIX9s2qb7OPV1TtdwM%2FUIXEIPrsnUfGzJKc3P%2BJsXfNrnhJdbwC92Sz9YkkiJOCyUs9AGNAjemYxosmPy62lDljp4jHw%3D%3D"}
[debug] [2023-03-09T03:09:18.910Z] >>> [apiv2][query] PUT https://storage.googleapis.com/uploads-124474127789.us-central1.cloudfunctions.appspot.com/92a52e51-42a0-41da-8c82-1b91a6aa57bc.zip GoogleAccessId=service-998366675889%40gcf-admin-robot.iam.gserviceaccount.com&Expires=1678333158&Signature=lqDLyRKKg5IV7KucP0MD%2BfnIh4Qj7hxHw9%2BKcLrpWuWChOzdNK%2BC6po%2F0U4i064ODx9u4Y6uMib%2F%2FmcZrEacZgESYQworgt4VPr3k6fXsT24r%2BUcIr9DuiPMme1NgG%2BQh2i3iAGkGe%2FvHO7UCfYRJ5LmGKdjHp3s38IYiqXBfQxm0IROQwc2dElYvtQH%2B9iKq7WQQnEN%2BLa5X1hzDKQGL8tI%2ByJGWq6zVl%2FgaSfXhBAZkw7w%2Bzl2Sr0NbaBIX9s2qb7OPV1TtdwM%2FUIXEIPrsnUfGzJKc3P%2BJsXfNrnhJdbwC92Sz9YkkiJOCyUs9AGNAjemYxosmPy62lDljp4jHw%3D%3D
[debug] [2023-03-09T03:09:18.910Z] >>> [apiv2][body] PUT https://storage.googleapis.com/uploads-124474127789.us-central1.cloudfunctions.appspot.com/92a52e51-42a0-41da-8c82-1b91a6aa57bc.zip [stream]
[debug] [2023-03-09T03:09:20.088Z] <<< [apiv2][status] PUT https://storage.googleapis.com/uploads-124474127789.us-central1.cloudfunctions.appspot.com/92a52e51-42a0-41da-8c82-1b91a6aa57bc.zip 200
[debug] [2023-03-09T03:09:20.088Z] <<< [apiv2][body] PUT https://storage.googleapis.com/uploads-124474127789.us-central1.cloudfunctions.appspot.com/92a52e51-42a0-41da-8c82-1b91a6aa57bc.zip [omitted]
[info] ✔  functions: functions folder uploaded successfully 
[info] i  functions: updating Node.js 16 function app(us-central1)... 
[debug] [2023-03-09T03:09:20.091Z] >>> [apiv2][query] PATCH https://cloudfunctions.googleapis.com/v1/projects/ls-ops-map/locations/us-central1/functions/app updateMask=name%2CsourceUploadUrl%2CentryPoint%2Cruntime%2CdockerRegistry%2Clabels%2ChttpsTrigger.securityLevel%2CminInstances%2CmaxInstances%2CingressSettings%2CenvironmentVariables%2CserviceAccountEmail%2CavailableMemoryMb%2Ctimeout%2CvpcConnector%2CvpcConnectorEgressSettings%2CsourceToken
[debug] [2023-03-09T03:09:20.091Z] >>> [apiv2][body] PATCH https://cloudfunctions.googleapis.com/v1/projects/ls-ops-map/locations/us-central1/functions/app {"name":"projects/ls-ops-map/locations/us-central1/functions/app","sourceUploadUrl":"https://storage.googleapis.com/uploads-124474127789.us-central1.cloudfunctions.appspot.com/92a52e51-42a0-41da-8c82-1b91a6aa57bc.zip?GoogleAccessId=service-998366675889@gcf-admin-robot.iam.gserviceaccount.com&Expires=1678333158&Signature=lqDLyRKKg5IV7KucP0MD%2BfnIh4Qj7hxHw9%2BKcLrpWuWChOzdNK%2BC6po%2F0U4i064ODx9u4Y6uMib%2F%2FmcZrEacZgESYQworgt4VPr3k6fXsT24r%2BUcIr9DuiPMme1NgG%2BQh2i3iAGkGe%2FvHO7UCfYRJ5LmGKdjHp3s38IYiqXBfQxm0IROQwc2dElYvtQH%2B9iKq7WQQnEN%2BLa5X1hzDKQGL8tI%2ByJGWq6zVl%2FgaSfXhBAZkw7w%2Bzl2Sr0NbaBIX9s2qb7OPV1TtdwM%2FUIXEIPrsnUfGzJKc3P%2BJsXfNrnhJdbwC92Sz9YkkiJOCyUs9AGNAjemYxosmPy62lDljp4jHw%3D%3D","entryPoint":"app","runtime":"nodejs16","dockerRegistry":"ARTIFACT_REGISTRY","labels":{"deployment-tool":"cli-firebase","firebase-functions-hash":"b9525e2ac064cdc6a0d9015f8ad3dd0f8cbff7fd"},"httpsTrigger":{"securityLevel":"SECURE_ALWAYS"},"minInstances":null,"maxInstances":null,"ingressSettings":null,"environmentVariables":{"FIREBASE_CONFIG":"{\"projectId\":\"ls-ops-map\",\"databaseURL\":\"https://ls-ops-map-default-rtdb.firebaseio.com\",\"storageBucket\":\"ls-ops-map.appspot.com\"}","GCLOUD_PROJECT":"ls-ops-map","EVENTARC_CLOUD_EVENT_SOURCE":"projects/ls-ops-map/locations/us-central1/functions/app"},"serviceAccountEmail":null,"availableMemoryMb":null,"timeout":null,"vpcConnector":null,"vpcConnectorEgressSettings":null}
[debug] [2023-03-09T03:09:21.045Z] <<< [apiv2][status] PATCH https://cloudfunctions.googleapis.com/v1/projects/ls-ops-map/locations/us-central1/functions/app 200
[debug] [2023-03-09T03:09:21.045Z] <<< [apiv2][body] PATCH https://cloudfunctions.googleapis.com/v1/projects/ls-ops-map/locations/us-central1/functions/app {"name":"operations/bHMtb3BzLW1hcC91cy1jZW50cmFsMS9hcHAvWWMxbjVEUjVKODg","metadata":{"@type":"type.googleapis.com/google.cloud.functions.v1.OperationMetadataV1","target":"projects/ls-ops-map/locations/us-central1/functions/app","type":"UPDATE_FUNCTION","request":{"@type":"type.googleapis.com/google.cloud.functions.v1.CloudFunction","name":"projects/ls-ops-map/locations/us-central1/functions/app","httpsTrigger":{"url":"https://us-central1-ls-ops-map.cloudfunctions.net/app","securityLevel":"SECURE_ALWAYS"},"status":"OFFLINE","entryPoint":"app","updateTime":"2023-03-09T02:53:39.811Z","versionId":"2","labels":{"deployment-tool":"cli-firebase","firebase-functions-hash":"b9525e2ac064cdc6a0d9015f8ad3dd0f8cbff7fd"},"sourceUploadUrl":"https://storage.googleapis.com/uploads-124474127789.us-central1.cloudfunctions.appspot.com/92a52e51-42a0-41da-8c82-1b91a6aa57bc.zip?GoogleAccessId=service-998366675889@gcf-admin-robot.iam.gserviceaccount.com&Expires=1678333158&Signature=lqDLyRKKg5IV7KucP0MD%2BfnIh4Qj7hxHw9%2BKcLrpWuWChOzdNK%2BC6po%2F0U4i064ODx9u4Y6uMib%2F%2FmcZrEacZgESYQworgt4VPr3k6fXsT24r%2BUcIr9DuiPMme1NgG%2BQh2i3iAGkGe%2FvHO7UCfYRJ5LmGKdjHp3s38IYiqXBfQxm0IROQwc2dElYvtQH%2B9iKq7WQQnEN%2BLa5X1hzDKQGL8tI%2ByJGWq6zVl%2FgaSfXhBAZkw7w%2Bzl2Sr0NbaBIX9s2qb7OPV1TtdwM%2FUIXEIPrsnUfGzJKc3P%2BJsXfNrnhJdbwC92Sz9YkkiJOCyUs9AGNAjemYxosmPy62lDljp4jHw%3D%3D","environmentVariables":{"FIREBASE_CONFIG":"{\"projectId\":\"ls-ops-map\",\"databaseURL\":\"https://ls-ops-map-default-rtdb.firebaseio.com\",\"storageBucket\":\"ls-ops-map.appspot.com\"}","GCLOUD_PROJECT":"ls-ops-map","EVENTARC_CLOUD_EVENT_SOURCE":"projects/ls-ops-map/locations/us-central1/functions/app"},"runtime":"nodejs16","buildId":"ef4cc8e3-34e5-4df0-8da3-5075f44edf0b","buildName":"projects/998366675889/locations/us-central1/builds/ef4cc8e3-34e5-4df0-8da3-5075f44edf0b","dockerRegistry":"ARTIFACT_REGISTRY"},"versionId":"3","updateTime":"2023-03-09T03:09:20Z"}}
[debug] [2023-03-09T03:09:21.045Z] >>> [apiv2][query] GET https://cloudfunctions.googleapis.com/v1/operations/bHMtb3BzLW1hcC91cy1jZW50cmFsMS9hcHAvWWMxbjVEUjVKODg [none]
[debug] [2023-03-09T03:09:21.713Z] <<< [apiv2][status] GET https://cloudfunctions.googleapis.com/v1/operations/bHMtb3BzLW1hcC91cy1jZW50cmFsMS9hcHAvWWMxbjVEUjVKODg 200
[debug] [2023-03-09T03:09:21.713Z] <<< [apiv2][body] GET https://cloudfunctions.googleapis.com/v1/operations/bHMtb3BzLW1hcC91cy1jZW50cmFsMS9hcHAvWWMxbjVEUjVKODg {"name":"operations/bHMtb3BzLW1hcC91cy1jZW50cmFsMS9hcHAvWWMxbjVEUjVKODg","metadata":{"@type":"type.googleapis.com/google.cloud.functions.v1.OperationMetadataV1","target":"projects/ls-ops-map/locations/us-central1/functions/app","type":"UPDATE_FUNCTION","request":{"@type":"type.googleapis.com/google.cloud.functions.v1.CloudFunction","name":"projects/ls-ops-map/locations/us-central1/functions/app","httpsTrigger":{"url":"https://us-central1-ls-ops-map.cloudfunctions.net/app","securityLevel":"SECURE_ALWAYS"},"status":"OFFLINE","entryPoint":"app","updateTime":"2023-03-09T02:53:39.811Z","versionId":"2","labels":{"deployment-tool":"cli-firebase","firebase-functions-hash":"b9525e2ac064cdc6a0d9015f8ad3dd0f8cbff7fd"},"sourceUploadUrl":"https://storage.googleapis.com/uploads-124474127789.us-central1.cloudfunctions.appspot.com/92a52e51-42a0-41da-8c82-1b91a6aa57bc.zip?GoogleAccessId=service-998366675889@gcf-admin-robot.iam.gserviceaccount.com&Expires=1678333158&Signature=lqDLyRKKg5IV7KucP0MD%2BfnIh4Qj7hxHw9%2BKcLrpWuWChOzdNK%2BC6po%2F0U4i064ODx9u4Y6uMib%2F%2FmcZrEacZgESYQworgt4VPr3k6fXsT24r%2BUcIr9DuiPMme1NgG%2BQh2i3iAGkGe%2FvHO7UCfYRJ5LmGKdjHp3s38IYiqXBfQxm0IROQwc2dElYvtQH%2B9iKq7WQQnEN%2BLa5X1hzDKQGL8tI%2ByJGWq6zVl%2FgaSfXhBAZkw7w%2Bzl2Sr0NbaBIX9s2qb7OPV1TtdwM%2FUIXEIPrsnUfGzJKc3P%2BJsXfNrnhJdbwC92Sz9YkkiJOCyUs9AGNAjemYxosmPy62lDljp4jHw%3D%3D","environmentVariables":{"FIREBASE_CONFIG":"{\"projectId\":\"ls-ops-map\",\"databaseURL\":\"https://ls-ops-map-default-rtdb.firebaseio.com\",\"storageBucket\":\"ls-ops-map.appspot.com\"}","GCLOUD_PROJECT":"ls-ops-map","EVENTARC_CLOUD_EVENT_SOURCE":"projects/ls-ops-map/locations/us-central1/functions/app"},"runtime":"nodejs16","buildId":"ef4cc8e3-34e5-4df0-8da3-5075f44edf0b","buildName":"projects/998366675889/locations/us-central1/builds/ef4cc8e3-34e5-4df0-8da3-5075f44edf0b","dockerRegistry":"ARTIFACT_REGISTRY"},"versionId":"3","updateTime":"2023-03-09T03:09:21Z"}}
[debug] [2023-03-09T03:09:22.214Z] [update-default-us-central1-app] Retrying task index 0
[debug] [2023-03-09T03:09:22.214Z] >>> [apiv2][query] GET https://cloudfunctions.googleapis.com/v1/operations/bHMtb3BzLW1hcC91cy1jZW50cmFsMS9hcHAvWWMxbjVEUjVKODg [none]
[debug] [2023-03-09T03:09:22.884Z] <<< [apiv2][status] GET https://cloudfunctions.googleapis.com/v1/operations/bHMtb3BzLW1hcC91cy1jZW50cmFsMS9hcHAvWWMxbjVEUjVKODg 200
[debug] [2023-03-09T03:09:22.884Z] <<< [apiv2][body] GET https://cloudfunctions.googleapis.com/v1/operations/bHMtb3BzLW1hcC91cy1jZW50cmFsMS9hcHAvWWMxbjVEUjVKODg {"name":"operations/bHMtb3BzLW1hcC91cy1jZW50cmFsMS9hcHAvWWMxbjVEUjVKODg","metadata":{"@type":"type.googleapis.com/google.cloud.functions.v1.OperationMetadataV1","target":"projects/ls-ops-map/locations/us-central1/functions/app","type":"UPDATE_FUNCTION","request":{"@type":"type.googleapis.com/google.cloud.functions.v1.CloudFunction","name":"projects/ls-ops-map/locations/us-central1/functions/app","httpsTrigger":{"url":"https://us-central1-ls-ops-map.cloudfunctions.net/app","securityLevel":"SECURE_ALWAYS"},"status":"OFFLINE","entryPoint":"app","updateTime":"2023-03-09T02:53:39.811Z","versionId":"2","labels":{"deployment-tool":"cli-firebase","firebase-functions-hash":"b9525e2ac064cdc6a0d9015f8ad3dd0f8cbff7fd"},"sourceUploadUrl":"https://storage.googleapis.com/uploads-124474127789.us-central1.cloudfunctions.appspot.com/92a52e51-42a0-41da-8c82-1b91a6aa57bc.zip?GoogleAccessId=service-998366675889@gcf-admin-robot.iam.gserviceaccount.com&Expires=1678333158&Signature=lqDLyRKKg5IV7KucP0MD%2BfnIh4Qj7hxHw9%2BKcLrpWuWChOzdNK%2BC6po%2F0U4i064ODx9u4Y6uMib%2F%2FmcZrEacZgESYQworgt4VPr3k6fXsT24r%2BUcIr9DuiPMme1NgG%2BQh2i3iAGkGe%2FvHO7UCfYRJ5LmGKdjHp3s38IYiqXBfQxm0IROQwc2dElYvtQH%2B9iKq7WQQnEN%2BLa5X1hzDKQGL8tI%2ByJGWq6zVl%2FgaSfXhBAZkw7w%2Bzl2Sr0NbaBIX9s2qb7OPV1TtdwM%2FUIXEIPrsnUfGzJKc3P%2BJsXfNrnhJdbwC92Sz9YkkiJOCyUs9AGNAjemYxosmPy62lDljp4jHw%3D%3D","environmentVariables":{"FIREBASE_CONFIG":"{\"projectId\":\"ls-ops-map\",\"databaseURL\":\"https://ls-ops-map-default-rtdb.firebaseio.com\",\"storageBucket\":\"ls-ops-map.appspot.com\"}","GCLOUD_PROJECT":"ls-ops-map","EVENTARC_CLOUD_EVENT_SOURCE":"projects/ls-ops-map/locations/us-central1/functions/app"},"runtime":"nodejs16","buildId":"ef4cc8e3-34e5-4df0-8da3-5075f44edf0b","buildName":"projects/998366675889/locations/us-central1/builds/ef4cc8e3-34e5-4df0-8da3-5075f44edf0b","dockerRegistry":"ARTIFACT_REGISTRY"},"versionId":"3","updateTime":"2023-03-09T03:09:21Z","buildId":"9249ed31-3f9b-4277-b147-1523cbf1d13c","buildName":"projects/998366675889/locations/us-central1/builds/9249ed31-3f9b-4277-b147-1523cbf1d13c"}}
[debug] [2023-03-09T03:09:23.885Z] [update-default-us-central1-app] Retrying task index 0
[debug] [2023-03-09T03:09:23.886Z] >>> [apiv2][query] GET https://cloudfunctions.googleapis.com/v1/operations/bHMtb3BzLW1hcC91cy1jZW50cmFsMS9hcHAvWWMxbjVEUjVKODg [none]
[debug] [2023-03-09T03:09:24.447Z] <<< [apiv2][status] GET https://cloudfunctions.googleapis.com/v1/operations/bHMtb3BzLW1hcC91cy1jZW50cmFsMS9hcHAvWWMxbjVEUjVKODg 200
[debug] [2023-03-09T03:09:24.448Z] <<< [apiv2][body] GET https://cloudfunctions.googleapis.com/v1/operations/bHMtb3BzLW1hcC91cy1jZW50cmFsMS9hcHAvWWMxbjVEUjVKODg {"name":"operations/bHMtb3BzLW1hcC91cy1jZW50cmFsMS9hcHAvWWMxbjVEUjVKODg","metadata":{"@type":"type.googleapis.com/google.cloud.functions.v1.OperationMetadataV1","target":"projects/ls-ops-map/locations/us-central1/functions/app","type":"UPDATE_FUNCTION","request":{"@type":"type.googleapis.com/google.cloud.functions.v1.CloudFunction","name":"projects/ls-ops-map/locations/us-central1/functions/app","httpsTrigger":{"url":"https://us-central1-ls-ops-map.cloudfunctions.net/app","securityLevel":"SECURE_ALWAYS"},"status":"OFFLINE","entryPoint":"app","updateTime":"2023-03-09T02:53:39.811Z","versionId":"2","labels":{"deployment-tool":"cli-firebase","firebase-functions-hash":"b9525e2ac064cdc6a0d9015f8ad3dd0f8cbff7fd"},"sourceUploadUrl":"https://storage.googleapis.com/uploads-124474127789.us-central1.cloudfunctions.appspot.com/92a52e51-42a0-41da-8c82-1b91a6aa57bc.zip?GoogleAccessId=service-998366675889@gcf-admin-robot.iam.gserviceaccount.com&Expires=1678333158&Signature=lqDLyRKKg5IV7KucP0MD%2BfnIh4Qj7hxHw9%2BKcLrpWuWChOzdNK%2BC6po%2F0U4i064ODx9u4Y6uMib%2F%2FmcZrEacZgESYQworgt4VPr3k6fXsT24r%2BUcIr9DuiPMme1NgG%2BQh2i3iAGkGe%2FvHO7UCfYRJ5LmGKdjHp3s38IYiqXBfQxm0IROQwc2dElYvtQH%2B9iKq7WQQnEN%2BLa5X1hzDKQGL8tI%2ByJGWq6zVl%2FgaSfXhBAZkw7w%2Bzl2Sr0NbaBIX9s2qb7OPV1TtdwM%2FUIXEIPrsnUfGzJKc3P%2BJsXfNrnhJdbwC92Sz9YkkiJOCyUs9AGNAjemYxosmPy62lDljp4jHw%3D%3D","environmentVariables":{"FIREBASE_CONFIG":"{\"projectId\":\"ls-ops-map\",\"databaseURL\":\"https://ls-ops-map-default-rtdb.firebaseio.com\",\"storageBucket\":\"ls-ops-map.appspot.com\"}","GCLOUD_PROJECT":"ls-ops-map","EVENTARC_CLOUD_EVENT_SOURCE":"projects/ls-ops-map/locations/us-central1/functions/app"},"runtime":"nodejs16","buildId":"ef4cc8e3-34e5-4df0-8da3-5075f44edf0b","buildName":"projects/998366675889/locations/us-central1/builds/ef4cc8e3-34e5-4df0-8da3-5075f44edf0b","dockerRegistry":"ARTIFACT_REGISTRY"},"versionId":"3","updateTime":"2023-03-09T03:09:21Z","buildId":"9249ed31-3f9b-4277-b147-1523cbf1d13c","buildName":"projects/998366675889/locations/us-central1/builds/9249ed31-3f9b-4277-b147-1523cbf1d13c"}}
[debug] [2023-03-09T03:09:26.448Z] [update-default-us-central1-app] Retrying task index 0
[debug] [2023-03-09T03:09:26.449Z] >>> [apiv2][query] GET https://cloudfunctions.googleapis.com/v1/operations/bHMtb3BzLW1hcC91cy1jZW50cmFsMS9hcHAvWWMxbjVEUjVKODg [none]
[debug] [2023-03-09T03:09:27.085Z] <<< [apiv2][status] GET https://cloudfunctions.googleapis.com/v1/operations/bHMtb3BzLW1hcC91cy1jZW50cmFsMS9hcHAvWWMxbjVEUjVKODg 200
[debug] [2023-03-09T03:09:27.086Z] <<< [apiv2][body] GET https://cloudfunctions.googleapis.com/v1/operations/bHMtb3BzLW1hcC91cy1jZW50cmFsMS9hcHAvWWMxbjVEUjVKODg {"name":"operations/bHMtb3BzLW1hcC91cy1jZW50cmFsMS9hcHAvWWMxbjVEUjVKODg","metadata":{"@type":"type.googleapis.com/google.cloud.functions.v1.OperationMetadataV1","target":"projects/ls-ops-map/locations/us-central1/functions/app","type":"UPDATE_FUNCTION","request":{"@type":"type.googleapis.com/google.cloud.functions.v1.CloudFunction","name":"projects/ls-ops-map/locations/us-central1/functions/app","httpsTrigger":{"url":"https://us-central1-ls-ops-map.cloudfunctions.net/app","securityLevel":"SECURE_ALWAYS"},"status":"OFFLINE","entryPoint":"app","updateTime":"2023-03-09T02:53:39.811Z","versionId":"2","labels":{"deployment-tool":"cli-firebase","firebase-functions-hash":"b9525e2ac064cdc6a0d9015f8ad3dd0f8cbff7fd"},"sourceUploadUrl":"https://storage.googleapis.com/uploads-124474127789.us-central1.cloudfunctions.appspot.com/92a52e51-42a0-41da-8c82-1b91a6aa57bc.zip?GoogleAccessId=service-998366675889@gcf-admin-robot.iam.gserviceaccount.com&Expires=1678333158&Signature=lqDLyRKKg5IV7KucP0MD%2BfnIh4Qj7hxHw9%2BKcLrpWuWChOzdNK%2BC6po%2F0U4i064ODx9u4Y6uMib%2F%2FmcZrEacZgESYQworgt4VPr3k6fXsT24r%2BUcIr9DuiPMme1NgG%2BQh2i3iAGkGe%2FvHO7UCfYRJ5LmGKdjHp3s38IYiqXBfQxm0IROQwc2dElYvtQH%2B9iKq7WQQnEN%2BLa5X1hzDKQGL8tI%2ByJGWq6zVl%2FgaSfXhBAZkw7w%2Bzl2Sr0NbaBIX9s2qb7OPV1TtdwM%2FUIXEIPrsnUfGzJKc3P%2BJsXfNrnhJdbwC92Sz9YkkiJOCyUs9AGNAjemYxosmPy62lDljp4jHw%3D%3D","environmentVariables":{"FIREBASE_CONFIG":"{\"projectId\":\"ls-ops-map\",\"databaseURL\":\"https://ls-ops-map-default-rtdb.firebaseio.com\",\"storageBucket\":\"ls-ops-map.appspot.com\"}","GCLOUD_PROJECT":"ls-ops-map","EVENTARC_CLOUD_EVENT_SOURCE":"projects/ls-ops-map/locations/us-central1/functions/app"},"runtime":"nodejs16","buildId":"ef4cc8e3-34e5-4df0-8da3-5075f44edf0b","buildName":"projects/998366675889/locations/us-central1/builds/ef4cc8e3-34e5-4df0-8da3-5075f44edf0b","dockerRegistry":"ARTIFACT_REGISTRY"},"versionId":"3","updateTime":"2023-03-09T03:09:21Z","buildId":"9249ed31-3f9b-4277-b147-1523cbf1d13c","buildName":"projects/998366675889/locations/us-central1/builds/9249ed31-3f9b-4277-b147-1523cbf1d13c"}}
[debug] [2023-03-09T03:09:31.090Z] [update-default-us-central1-app] Retrying task index 0
[debug] [2023-03-09T03:09:31.090Z] >>> [apiv2][query] GET https://cloudfunctions.googleapis.com/v1/operations/bHMtb3BzLW1hcC91cy1jZW50cmFsMS9hcHAvWWMxbjVEUjVKODg [none]
[debug] [2023-03-09T03:09:31.762Z] <<< [apiv2][status] GET https://cloudfunctions.googleapis.com/v1/operations/bHMtb3BzLW1hcC91cy1jZW50cmFsMS9hcHAvWWMxbjVEUjVKODg 200
[debug] [2023-03-09T03:09:31.762Z] <<< [apiv2][body] GET https://cloudfunctions.googleapis.com/v1/operations/bHMtb3BzLW1hcC91cy1jZW50cmFsMS9hcHAvWWMxbjVEUjVKODg {"name":"operations/bHMtb3BzLW1hcC91cy1jZW50cmFsMS9hcHAvWWMxbjVEUjVKODg","metadata":{"@type":"type.googleapis.com/google.cloud.functions.v1.OperationMetadataV1","target":"projects/ls-ops-map/locations/us-central1/functions/app","type":"UPDATE_FUNCTION","request":{"@type":"type.googleapis.com/google.cloud.functions.v1.CloudFunction","name":"projects/ls-ops-map/locations/us-central1/functions/app","httpsTrigger":{"url":"https://us-central1-ls-ops-map.cloudfunctions.net/app","securityLevel":"SECURE_ALWAYS"},"status":"OFFLINE","entryPoint":"app","updateTime":"2023-03-09T02:53:39.811Z","versionId":"2","labels":{"deployment-tool":"cli-firebase","firebase-functions-hash":"b9525e2ac064cdc6a0d9015f8ad3dd0f8cbff7fd"},"sourceUploadUrl":"https://storage.googleapis.com/uploads-124474127789.us-central1.cloudfunctions.appspot.com/92a52e51-42a0-41da-8c82-1b91a6aa57bc.zip?GoogleAccessId=service-998366675889@gcf-admin-robot.iam.gserviceaccount.com&Expires=1678333158&Signature=lqDLyRKKg5IV7KucP0MD%2BfnIh4Qj7hxHw9%2BKcLrpWuWChOzdNK%2BC6po%2F0U4i064ODx9u4Y6uMib%2F%2FmcZrEacZgESYQworgt4VPr3k6fXsT24r%2BUcIr9DuiPMme1NgG%2BQh2i3iAGkGe%2FvHO7UCfYRJ5LmGKdjHp3s38IYiqXBfQxm0IROQwc2dElYvtQH%2B9iKq7WQQnEN%2BLa5X1hzDKQGL8tI%2ByJGWq6zVl%2FgaSfXhBAZkw7w%2Bzl2Sr0NbaBIX9s2qb7OPV1TtdwM%2FUIXEIPrsnUfGzJKc3P%2BJsXfNrnhJdbwC92Sz9YkkiJOCyUs9AGNAjemYxosmPy62lDljp4jHw%3D%3D","environmentVariables":{"FIREBASE_CONFIG":"{\"projectId\":\"ls-ops-map\",\"databaseURL\":\"https://ls-ops-map-default-rtdb.firebaseio.com\",\"storageBucket\":\"ls-ops-map.appspot.com\"}","GCLOUD_PROJECT":"ls-ops-map","EVENTARC_CLOUD_EVENT_SOURCE":"projects/ls-ops-map/locations/us-central1/functions/app"},"runtime":"nodejs16","buildId":"ef4cc8e3-34e5-4df0-8da3-5075f44edf0b","buildName":"projects/998366675889/locations/us-central1/builds/ef4cc8e3-34e5-4df0-8da3-5075f44edf0b","dockerRegistry":"ARTIFACT_REGISTRY"},"versionId":"3","updateTime":"2023-03-09T03:09:21Z","buildId":"9249ed31-3f9b-4277-b147-1523cbf1d13c","buildName":"projects/998366675889/locations/us-central1/builds/9249ed31-3f9b-4277-b147-1523cbf1d13c"}}
[debug] [2023-03-09T03:09:39.770Z] [update-default-us-central1-app] Retrying task index 0
[debug] [2023-03-09T03:09:39.770Z] >>> [apiv2][query] GET https://cloudfunctions.googleapis.com/v1/operations/bHMtb3BzLW1hcC91cy1jZW50cmFsMS9hcHAvWWMxbjVEUjVKODg [none]
[debug] [2023-03-09T03:09:40.397Z] <<< [apiv2][status] GET https://cloudfunctions.googleapis.com/v1/operations/bHMtb3BzLW1hcC91cy1jZW50cmFsMS9hcHAvWWMxbjVEUjVKODg 200
[debug] [2023-03-09T03:09:40.397Z] <<< [apiv2][body] GET https://cloudfunctions.googleapis.com/v1/operations/bHMtb3BzLW1hcC91cy1jZW50cmFsMS9hcHAvWWMxbjVEUjVKODg {"name":"operations/bHMtb3BzLW1hcC91cy1jZW50cmFsMS9hcHAvWWMxbjVEUjVKODg","metadata":{"@type":"type.googleapis.com/google.cloud.functions.v1.OperationMetadataV1","target":"projects/ls-ops-map/locations/us-central1/functions/app","type":"UPDATE_FUNCTION","request":{"@type":"type.googleapis.com/google.cloud.functions.v1.CloudFunction","name":"projects/ls-ops-map/locations/us-central1/functions/app","httpsTrigger":{"url":"https://us-central1-ls-ops-map.cloudfunctions.net/app","securityLevel":"SECURE_ALWAYS"},"status":"OFFLINE","entryPoint":"app","updateTime":"2023-03-09T02:53:39.811Z","versionId":"2","labels":{"deployment-tool":"cli-firebase","firebase-functions-hash":"b9525e2ac064cdc6a0d9015f8ad3dd0f8cbff7fd"},"sourceUploadUrl":"https://storage.googleapis.com/uploads-124474127789.us-central1.cloudfunctions.appspot.com/92a52e51-42a0-41da-8c82-1b91a6aa57bc.zip?GoogleAccessId=service-998366675889@gcf-admin-robot.iam.gserviceaccount.com&Expires=1678333158&Signature=lqDLyRKKg5IV7KucP0MD%2BfnIh4Qj7hxHw9%2BKcLrpWuWChOzdNK%2BC6po%2F0U4i064ODx9u4Y6uMib%2F%2FmcZrEacZgESYQworgt4VPr3k6fXsT24r%2BUcIr9DuiPMme1NgG%2BQh2i3iAGkGe%2FvHO7UCfYRJ5LmGKdjHp3s38IYiqXBfQxm0IROQwc2dElYvtQH%2B9iKq7WQQnEN%2BLa5X1hzDKQGL8tI%2ByJGWq6zVl%2FgaSfXhBAZkw7w%2Bzl2Sr0NbaBIX9s2qb7OPV1TtdwM%2FUIXEIPrsnUfGzJKc3P%2BJsXfNrnhJdbwC92Sz9YkkiJOCyUs9AGNAjemYxosmPy62lDljp4jHw%3D%3D","environmentVariables":{"FIREBASE_CONFIG":"{\"projectId\":\"ls-ops-map\",\"databaseURL\":\"https://ls-ops-map-default-rtdb.firebaseio.com\",\"storageBucket\":\"ls-ops-map.appspot.com\"}","GCLOUD_PROJECT":"ls-ops-map","EVENTARC_CLOUD_EVENT_SOURCE":"projects/ls-ops-map/locations/us-central1/functions/app"},"runtime":"nodejs16","buildId":"ef4cc8e3-34e5-4df0-8da3-5075f44edf0b","buildName":"projects/998366675889/locations/us-central1/builds/ef4cc8e3-34e5-4df0-8da3-5075f44edf0b","dockerRegistry":"ARTIFACT_REGISTRY"},"versionId":"3","updateTime":"2023-03-09T03:09:21Z","buildId":"9249ed31-3f9b-4277-b147-1523cbf1d13c","buildName":"projects/998366675889/locations/us-central1/builds/9249ed31-3f9b-4277-b147-1523cbf1d13c"}}
[debug] [2023-03-09T03:09:50.399Z] [update-default-us-central1-app] Retrying task index 0
[debug] [2023-03-09T03:09:50.399Z] >>> [apiv2][query] GET https://cloudfunctions.googleapis.com/v1/operations/bHMtb3BzLW1hcC91cy1jZW50cmFsMS9hcHAvWWMxbjVEUjVKODg [none]
[debug] [2023-03-09T03:09:51.042Z] <<< [apiv2][status] GET https://cloudfunctions.googleapis.com/v1/operations/bHMtb3BzLW1hcC91cy1jZW50cmFsMS9hcHAvWWMxbjVEUjVKODg 200
[debug] [2023-03-09T03:09:51.042Z] <<< [apiv2][body] GET https://cloudfunctions.googleapis.com/v1/operations/bHMtb3BzLW1hcC91cy1jZW50cmFsMS9hcHAvWWMxbjVEUjVKODg {"name":"operations/bHMtb3BzLW1hcC91cy1jZW50cmFsMS9hcHAvWWMxbjVEUjVKODg","metadata":{"@type":"type.googleapis.com/google.cloud.functions.v1.OperationMetadataV1","target":"projects/ls-ops-map/locations/us-central1/functions/app","type":"UPDATE_FUNCTION","request":{"@type":"type.googleapis.com/google.cloud.functions.v1.CloudFunction","name":"projects/ls-ops-map/locations/us-central1/functions/app","httpsTrigger":{"url":"https://us-central1-ls-ops-map.cloudfunctions.net/app","securityLevel":"SECURE_ALWAYS"},"status":"OFFLINE","entryPoint":"app","updateTime":"2023-03-09T02:53:39.811Z","versionId":"2","labels":{"deployment-tool":"cli-firebase","firebase-functions-hash":"b9525e2ac064cdc6a0d9015f8ad3dd0f8cbff7fd"},"sourceUploadUrl":"https://storage.googleapis.com/uploads-124474127789.us-central1.cloudfunctions.appspot.com/92a52e51-42a0-41da-8c82-1b91a6aa57bc.zip?GoogleAccessId=service-998366675889@gcf-admin-robot.iam.gserviceaccount.com&Expires=1678333158&Signature=lqDLyRKKg5IV7KucP0MD%2BfnIh4Qj7hxHw9%2BKcLrpWuWChOzdNK%2BC6po%2F0U4i064ODx9u4Y6uMib%2F%2FmcZrEacZgESYQworgt4VPr3k6fXsT24r%2BUcIr9DuiPMme1NgG%2BQh2i3iAGkGe%2FvHO7UCfYRJ5LmGKdjHp3s38IYiqXBfQxm0IROQwc2dElYvtQH%2B9iKq7WQQnEN%2BLa5X1hzDKQGL8tI%2ByJGWq6zVl%2FgaSfXhBAZkw7w%2Bzl2Sr0NbaBIX9s2qb7OPV1TtdwM%2FUIXEIPrsnUfGzJKc3P%2BJsXfNrnhJdbwC92Sz9YkkiJOCyUs9AGNAjemYxosmPy62lDljp4jHw%3D%3D","environmentVariables":{"FIREBASE_CONFIG":"{\"projectId\":\"ls-ops-map\",\"databaseURL\":\"https://ls-ops-map-default-rtdb.firebaseio.com\",\"storageBucket\":\"ls-ops-map.appspot.com\"}","GCLOUD_PROJECT":"ls-ops-map","EVENTARC_CLOUD_EVENT_SOURCE":"projects/ls-ops-map/locations/us-central1/functions/app"},"runtime":"nodejs16","buildId":"ef4cc8e3-34e5-4df0-8da3-5075f44edf0b","buildName":"projects/998366675889/locations/us-central1/builds/ef4cc8e3-34e5-4df0-8da3-5075f44edf0b","dockerRegistry":"ARTIFACT_REGISTRY"},"versionId":"3","updateTime":"2023-03-09T03:09:21Z","buildId":"9249ed31-3f9b-4277-b147-1523cbf1d13c","buildName":"projects/998366675889/locations/us-central1/builds/9249ed31-3f9b-4277-b147-1523cbf1d13c"}}
[debug] [2023-03-09T03:10:01.051Z] [update-default-us-central1-app] Retrying task index 0
[debug] [2023-03-09T03:10:01.051Z] >>> [apiv2][query] GET https://cloudfunctions.googleapis.com/v1/operations/bHMtb3BzLW1hcC91cy1jZW50cmFsMS9hcHAvWWMxbjVEUjVKODg [none]
[debug] [2023-03-09T03:10:01.691Z] <<< [apiv2][status] GET https://cloudfunctions.googleapis.com/v1/operations/bHMtb3BzLW1hcC91cy1jZW50cmFsMS9hcHAvWWMxbjVEUjVKODg 200
[debug] [2023-03-09T03:10:01.691Z] <<< [apiv2][body] GET https://cloudfunctions.googleapis.com/v1/operations/bHMtb3BzLW1hcC91cy1jZW50cmFsMS9hcHAvWWMxbjVEUjVKODg {"name":"operations/bHMtb3BzLW1hcC91cy1jZW50cmFsMS9hcHAvWWMxbjVEUjVKODg","metadata":{"@type":"type.googleapis.com/google.cloud.functions.v1.OperationMetadataV1","target":"projects/ls-ops-map/locations/us-central1/functions/app","type":"UPDATE_FUNCTION","request":{"@type":"type.googleapis.com/google.cloud.functions.v1.CloudFunction","name":"projects/ls-ops-map/locations/us-central1/functions/app","httpsTrigger":{"url":"https://us-central1-ls-ops-map.cloudfunctions.net/app","securityLevel":"SECURE_ALWAYS"},"status":"OFFLINE","entryPoint":"app","updateTime":"2023-03-09T02:53:39.811Z","versionId":"2","labels":{"deployment-tool":"cli-firebase","firebase-functions-hash":"b9525e2ac064cdc6a0d9015f8ad3dd0f8cbff7fd"},"sourceUploadUrl":"https://storage.googleapis.com/uploads-124474127789.us-central1.cloudfunctions.appspot.com/92a52e51-42a0-41da-8c82-1b91a6aa57bc.zip?GoogleAccessId=service-998366675889@gcf-admin-robot.iam.gserviceaccount.com&Expires=1678333158&Signature=lqDLyRKKg5IV7KucP0MD%2BfnIh4Qj7hxHw9%2BKcLrpWuWChOzdNK%2BC6po%2F0U4i064ODx9u4Y6uMib%2F%2FmcZrEacZgESYQworgt4VPr3k6fXsT24r%2BUcIr9DuiPMme1NgG%2BQh2i3iAGkGe%2FvHO7UCfYRJ5LmGKdjHp3s38IYiqXBfQxm0IROQwc2dElYvtQH%2B9iKq7WQQnEN%2BLa5X1hzDKQGL8tI%2ByJGWq6zVl%2FgaSfXhBAZkw7w%2Bzl2Sr0NbaBIX9s2qb7OPV1TtdwM%2FUIXEIPrsnUfGzJKc3P%2BJsXfNrnhJdbwC92Sz9YkkiJOCyUs9AGNAjemYxosmPy62lDljp4jHw%3D%3D","environmentVariables":{"FIREBASE_CONFIG":"{\"projectId\":\"ls-ops-map\",\"databaseURL\":\"https://ls-ops-map-default-rtdb.firebaseio.com\",\"storageBucket\":\"ls-ops-map.appspot.com\"}","GCLOUD_PROJECT":"ls-ops-map","EVENTARC_CLOUD_EVENT_SOURCE":"projects/ls-ops-map/locations/us-central1/functions/app"},"runtime":"nodejs16","buildId":"ef4cc8e3-34e5-4df0-8da3-5075f44edf0b","buildName":"projects/998366675889/locations/us-central1/builds/ef4cc8e3-34e5-4df0-8da3-5075f44edf0b","dockerRegistry":"ARTIFACT_REGISTRY"},"versionId":"3","updateTime":"2023-03-09T03:09:21Z","buildId":"9249ed31-3f9b-4277-b147-1523cbf1d13c","sourceToken":"5802eb2c-d693-42f8-a2d2-875ee420d99b","buildName":"projects/998366675889/locations/us-central1/builds/9249ed31-3f9b-4277-b147-1523cbf1d13c"}}
[debug] [2023-03-09T03:10:01.691Z] Got source token 5802eb2c-d693-42f8-a2d2-875ee420d99b for region us-central1
[debug] [2023-03-09T03:10:11.699Z] [update-default-us-central1-app] Retrying task index 0
[debug] [2023-03-09T03:10:11.699Z] >>> [apiv2][query] GET https://cloudfunctions.googleapis.com/v1/operations/bHMtb3BzLW1hcC91cy1jZW50cmFsMS9hcHAvWWMxbjVEUjVKODg [none]
[debug] [2023-03-09T03:10:12.350Z] <<< [apiv2][status] GET https://cloudfunctions.googleapis.com/v1/operations/bHMtb3BzLW1hcC91cy1jZW50cmFsMS9hcHAvWWMxbjVEUjVKODg 200
[debug] [2023-03-09T03:10:12.350Z] <<< [apiv2][body] GET https://cloudfunctions.googleapis.com/v1/operations/bHMtb3BzLW1hcC91cy1jZW50cmFsMS9hcHAvWWMxbjVEUjVKODg {"name":"operations/bHMtb3BzLW1hcC91cy1jZW50cmFsMS9hcHAvWWMxbjVEUjVKODg","metadata":{"@type":"type.googleapis.com/google.cloud.functions.v1.OperationMetadataV1","target":"projects/ls-ops-map/locations/us-central1/functions/app","type":"UPDATE_FUNCTION","request":{"@type":"type.googleapis.com/google.cloud.functions.v1.CloudFunction","name":"projects/ls-ops-map/locations/us-central1/functions/app","httpsTrigger":{"url":"https://us-central1-ls-ops-map.cloudfunctions.net/app","securityLevel":"SECURE_ALWAYS"},"status":"OFFLINE","entryPoint":"app","updateTime":"2023-03-09T02:53:39.811Z","versionId":"2","labels":{"deployment-tool":"cli-firebase","firebase-functions-hash":"b9525e2ac064cdc6a0d9015f8ad3dd0f8cbff7fd"},"sourceUploadUrl":"https://storage.googleapis.com/uploads-124474127789.us-central1.cloudfunctions.appspot.com/92a52e51-42a0-41da-8c82-1b91a6aa57bc.zip?GoogleAccessId=service-998366675889@gcf-admin-robot.iam.gserviceaccount.com&Expires=1678333158&Signature=lqDLyRKKg5IV7KucP0MD%2BfnIh4Qj7hxHw9%2BKcLrpWuWChOzdNK%2BC6po%2F0U4i064ODx9u4Y6uMib%2F%2FmcZrEacZgESYQworgt4VPr3k6fXsT24r%2BUcIr9DuiPMme1NgG%2BQh2i3iAGkGe%2FvHO7UCfYRJ5LmGKdjHp3s38IYiqXBfQxm0IROQwc2dElYvtQH%2B9iKq7WQQnEN%2BLa5X1hzDKQGL8tI%2ByJGWq6zVl%2FgaSfXhBAZkw7w%2Bzl2Sr0NbaBIX9s2qb7OPV1TtdwM%2FUIXEIPrsnUfGzJKc3P%2BJsXfNrnhJdbwC92Sz9YkkiJOCyUs9AGNAjemYxosmPy62lDljp4jHw%3D%3D","environmentVariables":{"FIREBASE_CONFIG":"{\"projectId\":\"ls-ops-map\",\"databaseURL\":\"https://ls-ops-map-default-rtdb.firebaseio.com\",\"storageBucket\":\"ls-ops-map.appspot.com\"}","GCLOUD_PROJECT":"ls-ops-map","EVENTARC_CLOUD_EVENT_SOURCE":"projects/ls-ops-map/locations/us-central1/functions/app"},"runtime":"nodejs16","buildId":"ef4cc8e3-34e5-4df0-8da3-5075f44edf0b","buildName":"projects/998366675889/locations/us-central1/builds/ef4cc8e3-34e5-4df0-8da3-5075f44edf0b","dockerRegistry":"ARTIFACT_REGISTRY"},"versionId":"3","updateTime":"2023-03-09T03:10:10Z","buildId":"9249ed31-3f9b-4277-b147-1523cbf1d13c","sourceToken":"5802eb2c-d693-42f8-a2d2-875ee420d99b","buildName":"projects/998366675889/locations/us-central1/builds/9249ed31-3f9b-4277-b147-1523cbf1d13c"},"done":true,"error":{"code":3,"message":"Function failed on loading user code. This is likely due to a bug in the user code. Error message: Error: please examine your function logs to see the error cause: https://cloud.google.com/functions/docs/monitoring/logging#viewing_logs. Additional troubleshooting documentation can be found at https://cloud.google.com/functions/docs/troubleshooting#logging. Please visit https://cloud.google.com/functions/docs/troubleshooting for in-depth troubleshooting documentation."}}
[debug] [2023-03-09T03:10:12.350Z] Got source token 5802eb2c-d693-42f8-a2d2-875ee420d99b for region us-central1
[error] Function failed on loading user code. This is likely due to a bug in the user code. Error message: Error: please examine your function logs to see the error cause: https://cloud.google.com/functions/docs/monitoring/logging#viewing_logs. Additional troubleshooting documentation can be found at https://cloud.google.com/functions/docs/troubleshooting#logging. Please visit https://cloud.google.com/functions/docs/troubleshooting for in-depth troubleshooting documentation.
[debug] [2023-03-09T03:10:12.351Z] Total Function Deployment time: 52260
[debug] [2023-03-09T03:10:12.351Z] 1 Functions Deployed
[debug] [2023-03-09T03:10:12.351Z] 1 Functions Errored
[debug] [2023-03-09T03:10:12.351Z] 0 Function Deployments Aborted
[debug] [2023-03-09T03:10:12.351Z] Average Function Deployment time: 52260
[info] 
[info] Functions deploy had errors with the following functions:
	app(us-central1)
[debug] [2023-03-09T03:10:12.352Z] Not printing URL for HTTPS function. Typically this means it didn't match a filter or we failed deployment
[info] i  functions: cleaning up build files... 
[debug] [2023-03-09T03:10:12.353Z] >>> [apiv2][query] DELETE https://artifactregistry.googleapis.com/v1beta2/projects/ls-ops-map/locations/us-central1/repositories/gcf-artifacts/packages/app [none]
[debug] [2023-03-09T03:10:12.353Z] >>> [apiv2][query] GET https://us.gcr.io/v2/ls-ops-map/gcf/us-central1/tags/list [none]
[debug] [2023-03-09T03:10:13.160Z] <<< [apiv2][status] DELETE https://artifactregistry.googleapis.com/v1beta2/projects/ls-ops-map/locations/us-central1/repositories/gcf-artifacts/packages/app 200
[debug] [2023-03-09T03:10:13.160Z] <<< [apiv2][body] DELETE https://artifactregistry.googleapis.com/v1beta2/projects/ls-ops-map/locations/us-central1/repositories/gcf-artifacts/packages/app {"name":"projects/ls-ops-map/locations/us-central1/operations/d5ad6fb0-13e4-4f93-8e4e-e1e43402b5a4","metadata":{"@type":"type.googleapis.com/google.devtools.artifactregistry.v1beta2.OperationMetadata"}}
[debug] [2023-03-09T03:10:13.160Z] >>> [apiv2][query] GET https://artifactregistry.googleapis.com/v1beta2/projects/ls-ops-map/locations/us-central1/operations/d5ad6fb0-13e4-4f93-8e4e-e1e43402b5a4 [none]
[debug] [2023-03-09T03:10:13.182Z] <<< [apiv2][status] GET https://us.gcr.io/v2/ls-ops-map/gcf/us-central1/tags/list 200
[debug] [2023-03-09T03:10:13.182Z] <<< [apiv2][body] GET https://us.gcr.io/v2/ls-ops-map/gcf/us-central1/tags/list {"child":[],"manifest":{},"name":"ls-ops-map/gcf/us-central1","tags":[]}
[debug] [2023-03-09T03:10:13.182Z] Could not find image for function projects/ls-ops-map/locations/us-central1/functions/app
[debug] [2023-03-09T03:10:13.803Z] <<< [apiv2][status] GET https://artifactregistry.googleapis.com/v1beta2/projects/ls-ops-map/locations/us-central1/operations/d5ad6fb0-13e4-4f93-8e4e-e1e43402b5a4 200
[debug] [2023-03-09T03:10:13.803Z] <<< [apiv2][body] GET https://artifactregistry.googleapis.com/v1beta2/projects/ls-ops-map/locations/us-central1/operations/d5ad6fb0-13e4-4f93-8e4e-e1e43402b5a4 {"name":"projects/ls-ops-map/locations/us-central1/operations/d5ad6fb0-13e4-4f93-8e4e-e1e43402b5a4","metadata":{"@type":"type.googleapis.com/google.devtools.artifactregistry.v1beta2.OperationMetadata"},"done":true,"response":{"@type":"type.googleapis.com/google.protobuf.Empty"}}
[debug] [2023-03-09T03:10:13.803Z] Functions deploy failed.
[debug] [2023-03-09T03:10:13.803Z] {
  "endpoint": {
    "id": "app",
    "project": "ls-ops-map",
    "region": "us-central1",
    "entryPoint": "app",
    "platform": "gcfv1",
    "runtime": "nodejs16",
    "httpsTrigger": {},
    "serviceAccount": null,
    "ingressSettings": null,
    "availableMemoryMb": null,
    "timeoutSeconds": null,
    "maxInstances": null,
    "minInstances": null,
    "vpc": null,
    "environmentVariables": {
      "FIREBASE_CONFIG": "{\"projectId\":\"ls-ops-map\",\"databaseURL\":\"https://ls-ops-map-default-rtdb.firebaseio.com\",\"storageBucket\":\"ls-ops-map.appspot.com\"}",
      "GCLOUD_PROJECT": "ls-ops-map",
      "EVENTARC_CLOUD_EVENT_SOURCE": "projects/ls-ops-map/locations/us-central1/functions/app"
    },
    "codebase": "default",
    "securityLevel": "SECURE_ALWAYS",
    "targetedByOnly": false,
    "hash": "b9525e2ac064cdc6a0d9015f8ad3dd0f8cbff7fd",
    "labels": {
      "deployment-tool": "cli-firebase"
    }
  },
  "op": "update",
  "original": {
    "name": "FirebaseError",
    "children": [],
    "exit": 1,
    "message": "Function failed on loading user code. This is likely due to a bug in the user code. Error message: Error: please examine your function logs to see the error cause: https://cloud.google.com/functions/docs/monitoring/logging#viewing_logs. Additional troubleshooting documentation can be found at https://cloud.google.com/functions/docs/troubleshooting#logging. Please visit https://cloud.google.com/functions/docs/troubleshooting for in-depth troubleshooting documentation.",
    "status": 3
  }
}
[debug] [2023-03-09T03:10:13.804Z] Error: Failed to update function app in region us-central1
    at /usr/local/lib/node_modules/firebase-tools/lib/deploy/functions/release/fabricator.js:48:11
    at processTicksAndRejections (node:internal/process/task_queues:96:5)
    at async Fabricator.updateV1Function (/usr/local/lib/node_modules/firebase-tools/lib/deploy/functions/release/fabricator.js:333:32)
    at async Fabricator.updateEndpoint (/usr/local/lib/node_modules/firebase-tools/lib/deploy/functions/release/fabricator.js:147:13)
    at async handle (/usr/local/lib/node_modules/firebase-tools/lib/deploy/functions/release/fabricator.js:85:17)
[error] 
[error] Error: There was an error deploying functions
